Using pre-set license
Built from '2020.3/staging' branch; Version is '2020.3.41f1 (7c19dc9acfda) revision 8133084'; Using compiler version '192528614'; Build Type 'Release'
OS: 'Windows 10  (10.0.19045) 64bit Core' Language: 'en' Physical Memory: 16165 MB
BatchMode: 1, IsHumanControllingUs: 0, StartBugReporterOnCrash: 0, Is64bit: 1, IsPro: 0

COMMAND LINE ARGUMENTS:
C:\Program Files\Unity\Hub\Editor\2020.3.41f1\Editor\Unity.exe
-adb2
-batchMode
-noUpm
-name
AssetImportWorker0
-projectPath
C:/Users/dpate/OneDrive/Desktop/sem 5/GameProg2_FinalProject/FUMG
-logFile
Logs/AssetImportWorker0.log
-srvPort
50465
Successfully changed project path to: C:/Users/dpate/OneDrive/Desktop/sem 5/GameProg2_FinalProject/FUMG
C:/Users/dpate/OneDrive/Desktop/sem 5/GameProg2_FinalProject/FUMG
Using Asset Import Pipeline V2.
Refreshing native plugins compatible for Editor in 36.25 ms, found 2 plugins.
Preloading 0 native plugins for Editor in 0.00 ms.
Initialize engine version: 2020.3.41f1 (7c19dc9acfda)
[Subsystems] Discovering subsystems at path C:/Program Files/Unity/Hub/Editor/2020.3.41f1/Editor/Data/Resources/UnitySubsystems
[Subsystems] Discovering subsystems at path C:/Users/dpate/OneDrive/Desktop/sem 5/GameProg2_FinalProject/FUMG/Assets
GfxDevice: creating device client; threaded=0
Direct3D:
    Version:  Direct3D 11.0 [level 11.1]
    Renderer: Intel(R) UHD Graphics 630 (ID=0x9bc5)
    Vendor:   
    VRAM:     8082 MB
    Driver:   30.0.100.9805
Initialize mono
Mono path[0] = 'C:/Program Files/Unity/Hub/Editor/2020.3.41f1/Editor/Data/Managed'
Mono path[1] = 'C:/Program Files/Unity/Hub/Editor/2020.3.41f1/Editor/Data/MonoBleedingEdge/lib/mono/unityjit'
Mono config path = 'C:/Program Files/Unity/Hub/Editor/2020.3.41f1/Editor/Data/MonoBleedingEdge/etc'
Using monoOptions --debugger-agent=transport=dt_socket,embedding=1,server=y,suspend=n,address=127.0.0.1:56352
Begin MonoManager ReloadAssembly
Registering precompiled unity dll's ...
Register platform support module: C:/Program Files/Unity/Hub/Editor/2020.3.41f1/Editor/Data/PlaybackEngines/WindowsStandaloneSupport/UnityEditor.WindowsStandalone.Extensions.dll
Registered in 0.001443 seconds.
Native extension for WindowsStandalone target not found
Refreshing native plugins compatible for Editor in 35.65 ms, found 2 plugins.
Preloading 0 native plugins for Editor in 0.00 ms.
Mono: successfully reloaded assembly
- Completed reload, in  0.500 seconds
Domain Reload Profiling:
	ReloadAssembly (500ms)
		BeginReloadAssembly (52ms)
			ExecutionOrderSort (0ms)
			DisableScriptedObjects (0ms)
			BackupInstance (0ms)
			ReleaseScriptingObjects (0ms)
			CreateAndSetChildDomain (1ms)
		EndReloadAssembly (391ms)
			LoadAssemblies (50ms)
			RebuildTransferFunctionScriptingTraits (0ms)
			SetupTypeCache (120ms)
			ReleaseScriptCaches (0ms)
			RebuildScriptCaches (25ms)
			SetupLoadedEditorAssemblies (141ms)
				LogAssemblyErrors (0ms)
				InitializePlatformSupportModulesInManaged (4ms)
				SetLoadedEditorAssemblies (0ms)
				RefreshPlugins (36ms)
				BeforeProcessingInitializeOnLoad (8ms)
				ProcessInitializeOnLoadAttributes (68ms)
				ProcessInitializeOnLoadMethodAttributes (25ms)
				AfterProcessingInitializeOnLoad (0ms)
				EditorAssembliesLoaded (0ms)
			ExecutionOrderSort2 (0ms)
			AwakeInstancesAfterBackupRestoration (0ms)
Platform modules already initialized, skipping
Registering precompiled user dll's ...
Registered in 0.002207 seconds.
Begin MonoManager ReloadAssembly
Native extension for WindowsStandalone target not found
Refreshing native plugins compatible for Editor in 0.44 ms, found 2 plugins.
Preloading 0 native plugins for Editor in 0.00 ms.
Mono: successfully reloaded assembly
- Completed reload, in  0.795 seconds
Domain Reload Profiling:
	ReloadAssembly (796ms)
		BeginReloadAssembly (121ms)
			ExecutionOrderSort (0ms)
			DisableScriptedObjects (5ms)
			BackupInstance (0ms)
			ReleaseScriptingObjects (0ms)
			CreateAndSetChildDomain (16ms)
		EndReloadAssembly (625ms)
			LoadAssemblies (75ms)
			RebuildTransferFunctionScriptingTraits (0ms)
			SetupTypeCache (216ms)
			ReleaseScriptCaches (0ms)
			RebuildScriptCaches (34ms)
			SetupLoadedEditorAssemblies (239ms)
				LogAssemblyErrors (0ms)
				InitializePlatformSupportModulesInManaged (4ms)
				SetLoadedEditorAssemblies (0ms)
				RefreshPlugins (0ms)
				BeforeProcessingInitializeOnLoad (47ms)
				ProcessInitializeOnLoadAttributes (171ms)
				ProcessInitializeOnLoadMethodAttributes (11ms)
				AfterProcessingInitializeOnLoad (5ms)
				EditorAssembliesLoaded (0ms)
			ExecutionOrderSort2 (0ms)
			AwakeInstancesAfterBackupRestoration (2ms)
Platform modules already initialized, skipping
========================================================================
Worker process is ready to serve import requests
Launched and connected shader compiler UnityShaderCompiler.exe after 0.03 seconds
Refreshing native plugins compatible for Editor in 0.41 ms, found 2 plugins.
Preloading 0 native plugins for Editor in 0.00 ms.
Unloading 1532 Unused Serialized files (Serialized files now loaded: 0)
System memory in use before: 70.4 MB.
System memory in use after: 70.5 MB.

Unloading 17 unused Assets to reduce memory usage. Loaded Objects now: 1969.
Total: 2.146300 ms (FindLiveObjects: 0.116700 ms CreateObjectMapping: 0.049500 ms MarkObjects: 1.913000 ms  DeleteObjects: 0.066600 ms)

AssetImportParameters requested are different than current active one (requested -> active):
  custom:framework-win-MediaFoundation: 216162199b28c13a410421893ffa2e32 -> 
  custom:video-decoder-ogg-theora: a1e56fd34408186e4bbccfd4996cb3dc -> 
  custom:container-muxer-webm: aa71ff27fc2769a1b78a27578f13a17b -> 
  custom:container-demuxer-webm: 4f35f7cbe854078d1ac9338744f61a02 -> 
  custom:container-demuxer-ogg: 62fdf1f143b41e24485cea50d1cbac27 -> 
  custom:video-encoder-webm-vp8: eb34c28f22e8b96e1ab97ce403110664 -> 
  custom:video-decoder-webm-vp8: 9c59270c3fd7afecdb556c50c9e8de78 -> 
  custom:audio-decoder-ogg-vorbis: bf7c407c2cedff20999df2af8eb42d56 -> 
  custom:audio-encoder-webm-vorbis: bf7c407c2cedff20999df2af8eb42d56 -> 
========================================================================
Received Import Request.
  path: Assets/Scenes
  artifactKey: Guid(6ea315d0fd7389c41b19996891e99ae3) Importer(815301076,1909f56bfc062723c751e8b465ee728b)
Start importing Assets/Scenes using Guid(6ea315d0fd7389c41b19996891e99ae3) Importer(815301076,1909f56bfc062723c751e8b465ee728b)  -> (artifact id: 'fd21fa7a6c7995562054ace971d31a84') in 0.007605 seconds 
========================================================================
Received Import Request.
  Time since last request: 8.835755 seconds.
  path: Assets/Scenes/CityMap.unity
  artifactKey: Guid(efd86af89730362488a2c76a2b270f8b) Importer(815301076,1909f56bfc062723c751e8b465ee728b)
Start importing Assets/Scenes/CityMap.unity using Guid(efd86af89730362488a2c76a2b270f8b) Importer(815301076,1909f56bfc062723c751e8b465ee728b)  -> (artifact id: 'eeff220bd425e586bc9bcfa9ced2d0f2') in 0.006527 seconds 
========================================================================
Received Import Request.
  Time since last request: 13.775352 seconds.
  path: Assets/Scenes/MapPicker.unity
  artifactKey: Guid(eb059650066c68244ad912e91c9625a3) Importer(815301076,1909f56bfc062723c751e8b465ee728b)
Start importing Assets/Scenes/MapPicker.unity using Guid(eb059650066c68244ad912e91c9625a3) Importer(815301076,1909f56bfc062723c751e8b465ee728b)  -> (artifact id: '0d6e31ffdc17cb5dd2900dfca3767b75') in 0.006377 seconds 
========================================================================
Received Import Request.
  Time since last request: 2.204450 seconds.
  path: Assets/Scenes/Tutorial.unity
  artifactKey: Guid(85a37b221f2873048b397a4b1ee90e24) Importer(815301076,1909f56bfc062723c751e8b465ee728b)
Start importing Assets/Scenes/Tutorial.unity using Guid(85a37b221f2873048b397a4b1ee90e24) Importer(815301076,1909f56bfc062723c751e8b465ee728b)  -> (artifact id: 'dee6c6fbf0baf406416ef2883dd371f8') in 0.007000 seconds 
========================================================================
Received Import Request.
  Time since last request: 2.417981 seconds.
  path: Assets/Scenes/MainMenuScene.unity
  artifactKey: Guid(9fc0d4010bbf28b4594072e72b8655ab) Importer(815301076,1909f56bfc062723c751e8b465ee728b)
Start importing Assets/Scenes/MainMenuScene.unity using Guid(9fc0d4010bbf28b4594072e72b8655ab) Importer(815301076,1909f56bfc062723c751e8b465ee728b)  -> (artifact id: '4e9be054f5216100569a74c191348245') in 0.007276 seconds 
========================================================================
Received Import Request.
  Time since last request: 0.955862 seconds.
  path: Assets/Scenes/EndScene.unity
  artifactKey: Guid(f7386f37f0587d54aa222de47ccfb31b) Importer(815301076,1909f56bfc062723c751e8b465ee728b)
Start importing Assets/Scenes/EndScene.unity using Guid(f7386f37f0587d54aa222de47ccfb31b) Importer(815301076,1909f56bfc062723c751e8b465ee728b)  -> (artifact id: '23a15454c6e4dc7db2e5b8debad065a2') in 0.007565 seconds 
========================================================================
Received Import Request.
  Time since last request: 1.336055 seconds.
  path: Assets/Scenes/DesertMap.unity
  artifactKey: Guid(19ab5d995954156429444951e8499366) Importer(815301076,1909f56bfc062723c751e8b465ee728b)
Start importing Assets/Scenes/DesertMap.unity using Guid(19ab5d995954156429444951e8499366) Importer(815301076,1909f56bfc062723c751e8b465ee728b)  -> (artifact id: 'aa2337a4717788f71e11846b8bf7db1b') in 0.006450 seconds 
========================================================================
Received Import Request.
  Time since last request: 251.974852 seconds.
  path: Assets/Maps
  artifactKey: Guid(94329851b474a1149a23c32aae45d960) Importer(815301076,1909f56bfc062723c751e8b465ee728b)
Start importing Assets/Maps using Guid(94329851b474a1149a23c32aae45d960) Importer(815301076,1909f56bfc062723c751e8b465ee728b)  -> (artifact id: 'eb9309938bade4c61aefedca7f05e78a') in 0.007909 seconds 
========================================================================
Received Import Request.
  Time since last request: 1.004206 seconds.
  path: Assets/Maps/Desert_Village_LowPoly_HDRP
  artifactKey: Guid(c6bfe4ef3b0e3e54f9bdf58ed2700538) Importer(815301076,1909f56bfc062723c751e8b465ee728b)
Start importing Assets/Maps/Desert_Village_LowPoly_HDRP using Guid(c6bfe4ef3b0e3e54f9bdf58ed2700538) Importer(815301076,1909f56bfc062723c751e8b465ee728b)  -> (artifact id: '8d7982477000744d3cb1f06eca783f2f') in 0.006340 seconds 
========================================================================
Received Import Request.
  Time since last request: 2.126597 seconds.
  path: Assets/Maps/POLYGON city pack
  artifactKey: Guid(cb72d5325d618a74d8d3d23fd485f27e) Importer(815301076,1909f56bfc062723c751e8b465ee728b)
Start importing Assets/Maps/POLYGON city pack using Guid(cb72d5325d618a74d8d3d23fd485f27e) Importer(815301076,1909f56bfc062723c751e8b465ee728b)  -> (artifact id: 'e2ea9217c442a89aebb23f0e1495a99d') in 0.008113 seconds 
========================================================================
Received Import Request.
  Time since last request: 1.020106 seconds.
  path: Assets/Maps/POLYGON city pack/Materials
  artifactKey: Guid(25a3e4884eb11774bbce8c47423058ad) Importer(815301076,1909f56bfc062723c751e8b465ee728b)
Start importing Assets/Maps/POLYGON city pack/Materials using Guid(25a3e4884eb11774bbce8c47423058ad) Importer(815301076,1909f56bfc062723c751e8b465ee728b)  -> (artifact id: '5cefedfd38b50f7643acf6a22fc46d07') in 0.007353 seconds 
========================================================================
Received Import Request.
  Time since last request: 0.715944 seconds.
  path: Assets/Maps/POLYGON city pack/scene
  artifactKey: Guid(f2fbe958977ce434db656f2770364296) Importer(815301076,1909f56bfc062723c751e8b465ee728b)
Start importing Assets/Maps/POLYGON city pack/scene using Guid(f2fbe958977ce434db656f2770364296) Importer(815301076,1909f56bfc062723c751e8b465ee728b)  -> (artifact id: '45bb36690c13aa2c3e3337432e44d97a') in 0.006375 seconds 
========================================================================
Received Import Request.
  Time since last request: 2.444192 seconds.
  path: Assets/Maps/POLYGON city pack/scene/DemoScene.unity
  artifactKey: Guid(7759de288f5d4ee449a0ca5e2244944a) Importer(815301076,1909f56bfc062723c751e8b465ee728b)
Start importing Assets/Maps/POLYGON city pack/scene/DemoScene.unity using Guid(7759de288f5d4ee449a0ca5e2244944a) Importer(815301076,1909f56bfc062723c751e8b465ee728b)  -> (artifact id: '052fded2379af60c9ad9c7c7321de159') in 0.009582 seconds 
========================================================================
Received Import Request.
  Time since last request: 6.056376 seconds.
  path: Assets/Maps/POLYGON city pack/scene/DemoScene
  artifactKey: Guid(2381fae1cb5a78841ac8104b0fbe904f) Importer(815301076,1909f56bfc062723c751e8b465ee728b)
Start importing Assets/Maps/POLYGON city pack/scene/DemoScene using Guid(2381fae1cb5a78841ac8104b0fbe904f) Importer(815301076,1909f56bfc062723c751e8b465ee728b)  -> (artifact id: 'b22aff1c5472169ed93cc21758383f30') in 0.008554 seconds 
========================================================================
Received Import Request.
  Time since last request: 0.036923 seconds.
  path: Assets/Maps/POLYGON city pack/scene/DemoScene/LightingData.asset
  artifactKey: Guid(1e67a5e3bae3ce9489dcdc9c5830c140) Importer(815301076,1909f56bfc062723c751e8b465ee728b)
Start importing Assets/Maps/POLYGON city pack/scene/DemoScene/LightingData.asset using Guid(1e67a5e3bae3ce9489dcdc9c5830c140) Importer(815301076,1909f56bfc062723c751e8b465ee728b)  -> (artifact id: '39a5a531930aafed698bd666802aa046') in 0.040569 seconds 
========================================================================
Received Import Request.
  Time since last request: 0.000193 seconds.
  path: Assets/Maps/POLYGON city pack/scene/DemoScene/ReflectionProbe-0.exr
  artifactKey: Guid(aa21992741ba40f46b729bd75c5363bc) Importer(815301076,1909f56bfc062723c751e8b465ee728b)
Start importing Assets/Maps/POLYGON city pack/scene/DemoScene/ReflectionProbe-0.exr using Guid(aa21992741ba40f46b729bd75c5363bc) Importer(815301076,1909f56bfc062723c751e8b465ee728b)  -> (artifact id: 'cc0ba6bbd560a44566ca8d8b44c081c5') in 0.102930 seconds 
========================================================================
Received Import Request.
  Time since last request: 2831.696833 seconds.
  path: Assets/Characters
  artifactKey: Guid(70cedee5c3f7298468a2b152c2a4a9c7) Importer(815301076,1909f56bfc062723c751e8b465ee728b)
Start importing Assets/Characters using Guid(70cedee5c3f7298468a2b152c2a4a9c7) Importer(815301076,1909f56bfc062723c751e8b465ee728b)  -> (artifact id: 'a838d6ff7ae7d97bbc00aaa1c16c4a14') in 0.008268 seconds 
========================================================================
Received Import Request.
  Time since last request: 16.282056 seconds.
  path: Assets/Prefabs 1
  artifactKey: Guid(d27ae826a03076e4c877af65c95e766c) Importer(815301076,1909f56bfc062723c751e8b465ee728b)
Start importing Assets/Prefabs 1 using Guid(d27ae826a03076e4c877af65c95e766c) Importer(815301076,1909f56bfc062723c751e8b465ee728b)  -> (artifact id: '1e8dcdb1f2ac45936678df12b1cdbe63') in 0.007438 seconds 
========================================================================
Received Import Request.
  Time since last request: 5.706791 seconds.
  path: Assets/Characters/Models
  artifactKey: Guid(0a9bdc89bd0d6b949a04dfe45a80d62f) Importer(815301076,1909f56bfc062723c751e8b465ee728b)
Start importing Assets/Characters/Models using Guid(0a9bdc89bd0d6b949a04dfe45a80d62f) Importer(815301076,1909f56bfc062723c751e8b465ee728b)  -> (artifact id: '9145907eb88fdb6ac76fc3bb94db94d4') in 0.007813 seconds 
========================================================================
Received Import Request.
  Time since last request: 0.040391 seconds.
  path: Assets/Characters/Models/X Bot.fbx
  artifactKey: Guid(ce488d619e4a73d40bb3b5f5bb8d9056) Importer(815301076,1909f56bfc062723c751e8b465ee728b)
Start importing Assets/Characters/Models/X Bot.fbx using Guid(ce488d619e4a73d40bb3b5f5bb8d9056) Importer(815301076,1909f56bfc062723c751e8b465ee728b)  -> (artifact id: 'e50e9a9ab481d9ac12a5c17d9842aff1') in 0.111559 seconds 
========================================================================
Received Import Request.
  Time since last request: 7.686287 seconds.
  path: Assets/Scenes/CityMap.unity
  artifactKey: Guid(efd86af89730362488a2c76a2b270f8b) Importer(815301076,1909f56bfc062723c751e8b465ee728b)
Start importing Assets/Scenes/CityMap.unity using Guid(efd86af89730362488a2c76a2b270f8b) Importer(815301076,1909f56bfc062723c751e8b465ee728b)  -> (artifact id: 'a55c3fb1c64193fcf1e55f1b07fc7e65') in 0.004011 seconds 
========================================================================
Received Import Request.
  Time since last request: 148.601937 seconds.
  path: Assets/Characters/Animations
  artifactKey: Guid(5774402ef19d2eb4d8af2e6919a3f121) Importer(815301076,1909f56bfc062723c751e8b465ee728b)
Start importing Assets/Characters/Animations using Guid(5774402ef19d2eb4d8af2e6919a3f121) Importer(815301076,1909f56bfc062723c751e8b465ee728b)  -> (artifact id: 'c872666cbe1a1f20394ef22d61a3a900') in 0.008962 seconds 
========================================================================
Received Import Request.
  Time since last request: 449.306805 seconds.
  path: Assets/Maps/POLYGON city pack/Materials/Day.mat
  artifactKey: Guid(dfd5fe4561034804291bb92fffe808d9) Importer(815301076,1909f56bfc062723c751e8b465ee728b)
Start importing Assets/Maps/POLYGON city pack/Materials/Day.mat using Guid(dfd5fe4561034804291bb92fffe808d9) Importer(815301076,1909f56bfc062723c751e8b465ee728b)  -> (artifact id: '47415de5dafe84168ed9101364a15bb1') in 0.024354 seconds 
========================================================================
Received Import Request.
  Time since last request: 0.000234 seconds.
  path: Assets/Maps/POLYGON city pack/Materials/Night.mat
  artifactKey: Guid(2693a75b9cc71fb4bae0674a2e512e59) Importer(815301076,1909f56bfc062723c751e8b465ee728b)
Start importing Assets/Maps/POLYGON city pack/Materials/Night.mat using Guid(2693a75b9cc71fb4bae0674a2e512e59) Importer(815301076,1909f56bfc062723c751e8b465ee728b)  -> (artifact id: '8c1b6f32800fae4c65282f5dc6e93338') in 0.067868 seconds 
AssetImportWorkerClient::OnTransportError - code=2 error=End of file
