Using pre-set license
Built from '2020.3/staging' branch; Version is '2020.3.41f1 (7c19dc9acfda) revision 8133084'; Using compiler version '192528614'; Build Type 'Release'
OS: 'Windows 10  (10.0.19043) 64bit Core' Language: 'en' Physical Memory: 16242 MB
BatchMode: 1, IsHumanControllingUs: 0, StartBugReporterOnCrash: 0, Is64bit: 1, IsPro: 0

COMMAND LINE ARGUMENTS:
D:\UnityHub\Editor\2020.3.41f1\Editor\Unity.exe
-adb2
-batchMode
-noUpm
-name
AssetImportWorker0
-projectPath
D:/GitHub/GameProg2_FinalProject/FUMG
-logFile
Logs/AssetImportWorker0.log
-srvPort
51892
Successfully changed project path to: D:/GitHub/GameProg2_FinalProject/FUMG
D:/GitHub/GameProg2_FinalProject/FUMG
Using Asset Import Pipeline V2.
Refreshing native plugins compatible for Editor in 55.29 ms, found 2 plugins.
Preloading 0 native plugins for Editor in 0.00 ms.
Initialize engine version: 2020.3.41f1 (7c19dc9acfda)
[Subsystems] Discovering subsystems at path D:/UnityHub/Editor/2020.3.41f1/Editor/Data/Resources/UnitySubsystems
[Subsystems] Discovering subsystems at path D:/GitHub/GameProg2_FinalProject/FUMG/Assets
GfxDevice: creating device client; threaded=0
Direct3D:
    Version:  Direct3D 11.0 [level 11.1]
    Renderer: NVIDIA GeForce GTX 1050 Ti (ID=0x1c8c)
    Vendor:   
    VRAM:     4018 MB
    Driver:   30.0.15.1169
Shader 'Custom/AdditiveTintable': fallback shader 'Particles/Additive (Soft)' not found
Initialize mono
Mono path[0] = 'D:/UnityHub/Editor/2020.3.41f1/Editor/Data/Managed'
Mono path[1] = 'D:/UnityHub/Editor/2020.3.41f1/Editor/Data/MonoBleedingEdge/lib/mono/unityjit'
Mono config path = 'D:/UnityHub/Editor/2020.3.41f1/Editor/Data/MonoBleedingEdge/etc'
Using monoOptions --debugger-agent=transport=dt_socket,embedding=1,server=y,suspend=n,address=127.0.0.1:56792
Begin MonoManager ReloadAssembly
Registering precompiled unity dll's ...
Register platform support module: D:/UnityHub/Editor/2020.3.41f1/Editor/Data/PlaybackEngines/WindowsStandaloneSupport/UnityEditor.WindowsStandalone.Extensions.dll
Registered in 0.001529 seconds.
Native extension for WindowsStandalone target not found
Refreshing native plugins compatible for Editor in 57.73 ms, found 2 plugins.
Preloading 0 native plugins for Editor in 0.00 ms.
Mono: successfully reloaded assembly
- Completed reload, in  0.646 seconds
Domain Reload Profiling:
	ReloadAssembly (646ms)
		BeginReloadAssembly (88ms)
			ExecutionOrderSort (0ms)
			DisableScriptedObjects (0ms)
			BackupInstance (0ms)
			ReleaseScriptingObjects (0ms)
			CreateAndSetChildDomain (1ms)
		EndReloadAssembly (488ms)
			LoadAssemblies (88ms)
			RebuildTransferFunctionScriptingTraits (0ms)
			SetupTypeCache (173ms)
			ReleaseScriptCaches (0ms)
			RebuildScriptCaches (34ms)
			SetupLoadedEditorAssemblies (185ms)
				LogAssemblyErrors (0ms)
				InitializePlatformSupportModulesInManaged (4ms)
				SetLoadedEditorAssemblies (0ms)
				RefreshPlugins (58ms)
				BeforeProcessingInitializeOnLoad (9ms)
				ProcessInitializeOnLoadAttributes (84ms)
				ProcessInitializeOnLoadMethodAttributes (29ms)
				AfterProcessingInitializeOnLoad (0ms)
				EditorAssembliesLoaded (0ms)
			ExecutionOrderSort2 (0ms)
			AwakeInstancesAfterBackupRestoration (0ms)
Platform modules already initialized, skipping
Registering precompiled user dll's ...
Registered in 0.003474 seconds.
Begin MonoManager ReloadAssembly
Native extension for WindowsStandalone target not found
Refreshing native plugins compatible for Editor in 71.36 ms, found 2 plugins.
Preloading 0 native plugins for Editor in 0.00 ms.
Mono: successfully reloaded assembly
- Completed reload, in  1.236 seconds
Domain Reload Profiling:
	ReloadAssembly (1237ms)
		BeginReloadAssembly (189ms)
			ExecutionOrderSort (0ms)
			DisableScriptedObjects (5ms)
			BackupInstance (0ms)
			ReleaseScriptingObjects (0ms)
			CreateAndSetChildDomain (22ms)
		EndReloadAssembly (987ms)
			LoadAssemblies (132ms)
			RebuildTransferFunctionScriptingTraits (0ms)
			SetupTypeCache (286ms)
			ReleaseScriptCaches (0ms)
			RebuildScriptCaches (70ms)
			SetupLoadedEditorAssemblies (426ms)
				LogAssemblyErrors (0ms)
				InitializePlatformSupportModulesInManaged (5ms)
				SetLoadedEditorAssemblies (0ms)
				RefreshPlugins (71ms)
				BeforeProcessingInitializeOnLoad (66ms)
				ProcessInitializeOnLoadAttributes (268ms)
				ProcessInitializeOnLoadMethodAttributes (13ms)
				AfterProcessingInitializeOnLoad (3ms)
				EditorAssembliesLoaded (0ms)
			ExecutionOrderSort2 (0ms)
			AwakeInstancesAfterBackupRestoration (2ms)
Platform modules already initialized, skipping
========================================================================
Worker process is ready to serve import requests
Shader 'Custom/AdditiveTintable': fallback shader 'Particles/Additive (Soft)' not found
Launched and connected shader compiler UnityShaderCompiler.exe after 0.05 seconds
Refreshing native plugins compatible for Editor in 0.52 ms, found 2 plugins.
Preloading 0 native plugins for Editor in 0.00 ms.
Unloading 2174 Unused Serialized files (Serialized files now loaded: 0)
System memory in use before: 111.0 MB.
System memory in use after: 111.0 MB.

Unloading 21 unused Assets to reduce memory usage. Loaded Objects now: 2627.
Total: 2.935300 ms (FindLiveObjects: 0.153700 ms CreateObjectMapping: 0.067100 ms MarkObjects: 2.638100 ms  DeleteObjects: 0.075600 ms)

AssetImportParameters requested are different than current active one (requested -> active):
  custom:framework-win-MediaFoundation: 216162199b28c13a410421893ffa2e32 -> 
  custom:video-decoder-ogg-theora: a1e56fd34408186e4bbccfd4996cb3dc -> 
  custom:container-muxer-webm: aa71ff27fc2769a1b78a27578f13a17b -> 
  custom:container-demuxer-webm: 4f35f7cbe854078d1ac9338744f61a02 -> 
  custom:container-demuxer-ogg: 62fdf1f143b41e24485cea50d1cbac27 -> 
  custom:video-encoder-webm-vp8: eb34c28f22e8b96e1ab97ce403110664 -> 
  custom:video-codec-MediaFoundation-h265: 746d11721c4dcdbdad8f713fa42b33f4 -> 
  custom:video-decoder-webm-vp8: 9c59270c3fd7afecdb556c50c9e8de78 -> 
  custom:audio-decoder-ogg-vorbis: bf7c407c2cedff20999df2af8eb42d56 -> 
  custom:audio-encoder-webm-vorbis: bf7c407c2cedff20999df2af8eb42d56 -> 
========================================================================
Received Import Request.
  path: Assets/StarterAssets.inputactions
  artifactKey: Guid(a94d36653281aba489e1c6f300262a82) Importer(815301076,1909f56bfc062723c751e8b465ee728b)
Start importing Assets/StarterAssets.inputactions using Guid(a94d36653281aba489e1c6f300262a82) Importer(815301076,1909f56bfc062723c751e8b465ee728b)  -> (artifact id: 'b0f6ef6c69fb9abbad14ae2904eb206d') in 0.054244 seconds 
========================================================================
Received Import Request.
  Time since last request: 6.801167 seconds.
  path: Assets/InputSystem/StarterAssets.inputactions
  artifactKey: Guid(d1aa40afb8085bf4ba79c6d272056aa1) Importer(815301076,1909f56bfc062723c751e8b465ee728b)
Start importing Assets/InputSystem/StarterAssets.inputactions using Guid(d1aa40afb8085bf4ba79c6d272056aa1) Importer(815301076,1909f56bfc062723c751e8b465ee728b)  -> (artifact id: '03f93c8f80520f31a2c933d9fe1210d7') in 0.003691 seconds 
========================================================================
Received Import Request.
  Time since last request: 70.900936 seconds.
  path: Assets/Characters/Animations
  artifactKey: Guid(5774402ef19d2eb4d8af2e6919a3f121) Importer(815301076,1909f56bfc062723c751e8b465ee728b)
Start importing Assets/Characters/Animations using Guid(5774402ef19d2eb4d8af2e6919a3f121) Importer(815301076,1909f56bfc062723c751e8b465ee728b)  -> (artifact id: 'c872666cbe1a1f20394ef22d61a3a900') in 0.002071 seconds 
========================================================================
Received Import Request.
  Time since last request: 0.440574 seconds.
  path: Assets/Characters/Models
  artifactKey: Guid(0a9bdc89bd0d6b949a04dfe45a80d62f) Importer(815301076,1909f56bfc062723c751e8b465ee728b)
Start importing Assets/Characters/Models using Guid(0a9bdc89bd0d6b949a04dfe45a80d62f) Importer(815301076,1909f56bfc062723c751e8b465ee728b)  -> (artifact id: '9145907eb88fdb6ac76fc3bb94db94d4') in 0.001988 seconds 
========================================================================
Received Import Request.
  Time since last request: 0.055771 seconds.
  path: Assets/Characters/Models/X Bot.fbx
  artifactKey: Guid(ce488d619e4a73d40bb3b5f5bb8d9056) Importer(815301076,1909f56bfc062723c751e8b465ee728b)
Start importing Assets/Characters/Models/X Bot.fbx using Guid(ce488d619e4a73d40bb3b5f5bb8d9056) Importer(815301076,1909f56bfc062723c751e8b465ee728b)  -> (artifact id: 'e50e9a9ab481d9ac12a5c17d9842aff1') in 0.147656 seconds 
========================================================================
Received Import Request.
  Time since last request: 52.131875 seconds.
  path: ProjectSettings/TagManager.asset
  artifactKey: Guid(00000000000000003000000000000000) Importer(815301076,1909f56bfc062723c751e8b465ee728b)
Start importing ProjectSettings/TagManager.asset using Guid(00000000000000003000000000000000) Importer(815301076,1909f56bfc062723c751e8b465ee728b)  -> (artifact id: '31dfde49d3848db9154138a7e7b43315') in 0.006623 seconds 
========================================================================
Received Import Request.
  Time since last request: 61.262565 seconds.
  path: Assets/Characters/Animations/StarterAssetsThirdPerson.controller
  artifactKey: Guid(2540cf5fd884d044195edce7e0a2f8d6) Importer(815301076,1909f56bfc062723c751e8b465ee728b)
Start importing Assets/Characters/Animations/StarterAssetsThirdPerson.controller using Guid(2540cf5fd884d044195edce7e0a2f8d6) Importer(815301076,1909f56bfc062723c751e8b465ee728b)  -> (artifact id: '533135fc79f73db1817d5625c6c6d220') in 0.007834 seconds 
========================================================================
Received Import Request.
  Time since last request: 202.816843 seconds.
  path: Assets/Scripts/Player/StarterAssetsThirdPerson.controller
  artifactKey: Guid(9f4a6b2ac6d21b343802b2e5406c7f99) Importer(815301076,1909f56bfc062723c751e8b465ee728b)
Start importing Assets/Scripts/Player/StarterAssetsThirdPerson.controller using Guid(9f4a6b2ac6d21b343802b2e5406c7f99) Importer(815301076,1909f56bfc062723c751e8b465ee728b)  -> (artifact id: 'c2d2027409a2be0d91e8ab4ae9cd9efb') in 0.003187 seconds 
========================================================================
Received Import Request.
  Time since last request: 68.837517 seconds.
  path: Assets/Characters/Sfx/Player_Footstep_01.wav
  artifactKey: Guid(72f526a6a9890f643a88e85a61c86c8a) Importer(815301076,1909f56bfc062723c751e8b465ee728b)
Start importing Assets/Characters/Sfx/Player_Footstep_01.wav using Guid(72f526a6a9890f643a88e85a61c86c8a) Importer(815301076,1909f56bfc062723c751e8b465ee728b)  -> (artifact id: '0342b4ce9fb3bd60724b9f6abcca6c63') in 0.022403 seconds 
========================================================================
Received Import Request.
  Time since last request: 0.000330 seconds.
  path: Assets/Characters/Sfx/Player_Footstep_06.wav
  artifactKey: Guid(29841e7d5bbfb5b419c9ad16ca8bc4c1) Importer(815301076,1909f56bfc062723c751e8b465ee728b)
Start importing Assets/Characters/Sfx/Player_Footstep_06.wav using Guid(29841e7d5bbfb5b419c9ad16ca8bc4c1) Importer(815301076,1909f56bfc062723c751e8b465ee728b)  -> (artifact id: '3f1b6ce29fb445a845e907ca55c40f69') in 0.009529 seconds 
========================================================================
Received Import Request.
  Time since last request: 0.000512 seconds.
  path: Assets/Characters/Sfx/Player_Footstep_08.wav
  artifactKey: Guid(67c8b33e424ccdc4486edf538ab91c5a) Importer(815301076,1909f56bfc062723c751e8b465ee728b)
Start importing Assets/Characters/Sfx/Player_Footstep_08.wav using Guid(67c8b33e424ccdc4486edf538ab91c5a) Importer(815301076,1909f56bfc062723c751e8b465ee728b)  -> (artifact id: '769a434ac98002df4a945049d6d14192') in 0.007955 seconds 
========================================================================
Received Import Request.
  Time since last request: 0.000474 seconds.
  path: Assets/Characters/Sfx/Player_Footstep_02.wav
  artifactKey: Guid(85016e0f2b01da248b9663dd49a161b0) Importer(815301076,1909f56bfc062723c751e8b465ee728b)
Start importing Assets/Characters/Sfx/Player_Footstep_02.wav using Guid(85016e0f2b01da248b9663dd49a161b0) Importer(815301076,1909f56bfc062723c751e8b465ee728b)  -> (artifact id: '0a064ef4f2dc21595f9d75a20ba9d4e5') in 0.015566 seconds 
========================================================================
Received Import Request.
  Time since last request: 0.000416 seconds.
  path: Assets/Characters/Sfx/Player_Footstep_07.wav
  artifactKey: Guid(dd1af302b8902684d9381de1f2d3a5af) Importer(815301076,1909f56bfc062723c751e8b465ee728b)
Start importing Assets/Characters/Sfx/Player_Footstep_07.wav using Guid(dd1af302b8902684d9381de1f2d3a5af) Importer(815301076,1909f56bfc062723c751e8b465ee728b)  -> (artifact id: 'af0b4b5ff9e0311c8a1139e92bff80af') in 0.015186 seconds 
========================================================================
Received Import Request.
  Time since last request: 0.000324 seconds.
  path: Assets/Characters/Sfx/Player_Footstep_09.wav
  artifactKey: Guid(274649b0e221539409070ebf6c18918b) Importer(815301076,1909f56bfc062723c751e8b465ee728b)
Start importing Assets/Characters/Sfx/Player_Footstep_09.wav using Guid(274649b0e221539409070ebf6c18918b) Importer(815301076,1909f56bfc062723c751e8b465ee728b)  -> (artifact id: '731eb7fa51f7431bd6d9c4964508ca30') in 0.014103 seconds 
========================================================================
Received Import Request.
  Time since last request: 0.000336 seconds.
  path: Assets/Characters/Sfx/Player_Footstep_03.wav
  artifactKey: Guid(186de84b3207156479abe98f4958fed0) Importer(815301076,1909f56bfc062723c751e8b465ee728b)
Start importing Assets/Characters/Sfx/Player_Footstep_03.wav using Guid(186de84b3207156479abe98f4958fed0) Importer(815301076,1909f56bfc062723c751e8b465ee728b)  -> (artifact id: '442d16c66d6723119e4da18451f7d8e3') in 0.014303 seconds 
========================================================================
Received Import Request.
  Time since last request: 0.000327 seconds.
  path: Assets/Characters/Sfx/Player_Land.wav
  artifactKey: Guid(ff697d3070687ce4583faa0561a145a2) Importer(815301076,1909f56bfc062723c751e8b465ee728b)
Start importing Assets/Characters/Sfx/Player_Land.wav using Guid(ff697d3070687ce4583faa0561a145a2) Importer(815301076,1909f56bfc062723c751e8b465ee728b)  -> (artifact id: '9302ad37c7ca42e37df549d4b1e15476') in 0.013646 seconds 
========================================================================
Received Import Request.
  Time since last request: 0.000318 seconds.
  path: Assets/Characters/Sfx/Player_Footstep_04.wav
  artifactKey: Guid(1a91fcd19acf1e54bba0945d9f390849) Importer(815301076,1909f56bfc062723c751e8b465ee728b)
Start importing Assets/Characters/Sfx/Player_Footstep_04.wav using Guid(1a91fcd19acf1e54bba0945d9f390849) Importer(815301076,1909f56bfc062723c751e8b465ee728b)  -> (artifact id: 'a78990d86d7c9681ce831e698378ca2f') in 0.013963 seconds 
========================================================================
Received Import Request.
  Time since last request: 0.000327 seconds.
  path: Assets/Characters/Sfx/Player_Footstep_10.wav
  artifactKey: Guid(a3194b8bbc96ef84fab1f98f4b7dae3e) Importer(815301076,1909f56bfc062723c751e8b465ee728b)
Start importing Assets/Characters/Sfx/Player_Footstep_10.wav using Guid(a3194b8bbc96ef84fab1f98f4b7dae3e) Importer(815301076,1909f56bfc062723c751e8b465ee728b)  -> (artifact id: '49aad3fa20a112d4607ac9fa18efcb0c') in 0.014399 seconds 
========================================================================
Received Import Request.
  Time since last request: 0.000396 seconds.
  path: Assets/Characters/Sfx/Player_Footstep_05.wav
  artifactKey: Guid(14e8a8d2158bec840b56c54f5266e692) Importer(815301076,1909f56bfc062723c751e8b465ee728b)
Start importing Assets/Characters/Sfx/Player_Footstep_05.wav using Guid(14e8a8d2158bec840b56c54f5266e692) Importer(815301076,1909f56bfc062723c751e8b465ee728b)  -> (artifact id: 'c91bb906185242979ab8ae4b5942d482') in 0.007567 seconds 
========================================================================
Received Import Request.
  Time since last request: 5.064377 seconds.
  path: Assets/Particules/PyroParticles/Prefab/Audio/CampFire.ogg
  artifactKey: Guid(d0d0b7f865e3a50448df4610cf2681dd) Importer(815301076,1909f56bfc062723c751e8b465ee728b)
Start importing Assets/Particules/PyroParticles/Prefab/Audio/CampFire.ogg using Guid(d0d0b7f865e3a50448df4610cf2681dd) Importer(815301076,1909f56bfc062723c751e8b465ee728b)  -> (artifact id: '124effeaf02c187d06686873d0faca11') in 0.173569 seconds 
========================================================================
Received Import Request.
  Time since last request: 0.000308 seconds.
  path: Assets/Particules/PyroParticles/Prefab/Audio/FireExplosion5.ogg
  artifactKey: Guid(0dcfe736485e63542b5036dc5b360032) Importer(815301076,1909f56bfc062723c751e8b465ee728b)
Start importing Assets/Particules/PyroParticles/Prefab/Audio/FireExplosion5.ogg using Guid(0dcfe736485e63542b5036dc5b360032) Importer(815301076,1909f56bfc062723c751e8b465ee728b)  -> (artifact id: '45910dbeed1b00d276a533363c4395ce') in 0.008680 seconds 
========================================================================
Received Import Request.
  Time since last request: 0.000307 seconds.
  path: Assets/Particules/PyroParticles/Prefab/Audio/FireExplosion1.ogg
  artifactKey: Guid(31dbe1f047a081845bd95a5b256ee829) Importer(815301076,1909f56bfc062723c751e8b465ee728b)
Start importing Assets/Particules/PyroParticles/Prefab/Audio/FireExplosion1.ogg using Guid(31dbe1f047a081845bd95a5b256ee829) Importer(815301076,1909f56bfc062723c751e8b465ee728b)  -> (artifact id: 'a0b5c257a39e3ae72940ecc3042306a9') in 0.008965 seconds 
========================================================================
Received Import Request.
  Time since last request: 0.000298 seconds.
  path: Assets/Particules/PyroParticles/Prefab/Audio/FireExplosion7.ogg
  artifactKey: Guid(1b1e870555539084e867c27366722812) Importer(815301076,1909f56bfc062723c751e8b465ee728b)
Start importing Assets/Particules/PyroParticles/Prefab/Audio/FireExplosion7.ogg using Guid(1b1e870555539084e867c27366722812) Importer(815301076,1909f56bfc062723c751e8b465ee728b)  -> (artifact id: 'dba00016e76684ac9b56fb5a125fe2b3') in 0.018935 seconds 
========================================================================
Received Import Request.
  Time since last request: 0.000328 seconds.
  path: Assets/Particules/PyroParticles/Prefab/Audio/FireExplosion6.ogg
  artifactKey: Guid(15b61cecc9c413944b23744fbd523914) Importer(815301076,1909f56bfc062723c751e8b465ee728b)
Start importing Assets/Particules/PyroParticles/Prefab/Audio/FireExplosion6.ogg using Guid(15b61cecc9c413944b23744fbd523914) Importer(815301076,1909f56bfc062723c751e8b465ee728b)  -> (artifact id: '6964f70bb324f8c6b654926b60da0334') in 0.006432 seconds 
========================================================================
Received Import Request.
  Time since last request: 0.000374 seconds.
  path: Assets/Particules/PyroParticles/Prefab/Audio/FireExplosion4.ogg
  artifactKey: Guid(222141dd968fb6447b5c790b6d87a27b) Importer(815301076,1909f56bfc062723c751e8b465ee728b)
Start importing Assets/Particules/PyroParticles/Prefab/Audio/FireExplosion4.ogg using Guid(222141dd968fb6447b5c790b6d87a27b) Importer(815301076,1909f56bfc062723c751e8b465ee728b)  -> (artifact id: 'eabd34162209ea5756e12e3450a45350') in 0.006468 seconds 
========================================================================
Received Import Request.
  Time since last request: 0.000294 seconds.
  path: Assets/Particules/PyroParticles/Prefab/Audio/FireExplosion2.ogg
  artifactKey: Guid(b57a5b81c8663e14bbf70a3cc6ff01ad) Importer(815301076,1909f56bfc062723c751e8b465ee728b)
Start importing Assets/Particules/PyroParticles/Prefab/Audio/FireExplosion2.ogg using Guid(b57a5b81c8663e14bbf70a3cc6ff01ad) Importer(815301076,1909f56bfc062723c751e8b465ee728b)  -> (artifact id: 'f795a9d27c0e57cf5c54c16c0164e0f5') in 0.006201 seconds 
========================================================================
Received Import Request.
  Time since last request: 0.000304 seconds.
  path: Assets/Particules/PyroParticles/Prefab/Audio/FireExplosion3.ogg
  artifactKey: Guid(83a3d45944f24b647a973099cc6fb1d3) Importer(815301076,1909f56bfc062723c751e8b465ee728b)
Start importing Assets/Particules/PyroParticles/Prefab/Audio/FireExplosion3.ogg using Guid(83a3d45944f24b647a973099cc6fb1d3) Importer(815301076,1909f56bfc062723c751e8b465ee728b)  -> (artifact id: '7414601a849872574ca7cdb640aeb8b9') in 0.006210 seconds 
========================================================================
Received Import Request.
  Time since last request: 1.986013 seconds.
  path: Assets/Particules/PyroParticles/Prefab/Audio/FireExplosion8.ogg
  artifactKey: Guid(3bbe242bc37c8614fbe02c843ed5b465) Importer(815301076,1909f56bfc062723c751e8b465ee728b)
Start importing Assets/Particules/PyroParticles/Prefab/Audio/FireExplosion8.ogg using Guid(3bbe242bc37c8614fbe02c843ed5b465) Importer(815301076,1909f56bfc062723c751e8b465ee728b)  -> (artifact id: '2d8f0bab7f01c57278c3b7b4d610134f') in 0.027177 seconds 
========================================================================
Received Import Request.
  Time since last request: 0.000326 seconds.
  path: Assets/Particules/PyroParticles/Prefab/Audio/FireExplosion9.ogg
  artifactKey: Guid(00567c9401ce5364fa0b2830749f785a) Importer(815301076,1909f56bfc062723c751e8b465ee728b)
Start importing Assets/Particules/PyroParticles/Prefab/Audio/FireExplosion9.ogg using Guid(00567c9401ce5364fa0b2830749f785a) Importer(815301076,1909f56bfc062723c751e8b465ee728b)  -> (artifact id: '3fd7972950efb289ebf8cdc1e92dd132') in 0.032547 seconds 
========================================================================
Received Import Request.
  Time since last request: 0.082019 seconds.
  path: Assets/Particules/PyroParticles/Prefab/Audio/FireLoop1.ogg
  artifactKey: Guid(8a2043d14545b4b45b5cbc0c8cbb8874) Importer(815301076,1909f56bfc062723c751e8b465ee728b)
Start importing Assets/Particules/PyroParticles/Prefab/Audio/FireLoop1.ogg using Guid(8a2043d14545b4b45b5cbc0c8cbb8874) Importer(815301076,1909f56bfc062723c751e8b465ee728b)  -> (artifact id: '56d0b8ca9479d0164182a921190a6b91') in 0.021875 seconds 
========================================================================
Received Import Request.
  Time since last request: 0.000354 seconds.
  path: Assets/Particules/PyroParticles/Prefab/Audio/FireLoop2.ogg
  artifactKey: Guid(5aadc4dc07dd8c0448550fc57a19a72c) Importer(815301076,1909f56bfc062723c751e8b465ee728b)
Start importing Assets/Particules/PyroParticles/Prefab/Audio/FireLoop2.ogg using Guid(5aadc4dc07dd8c0448550fc57a19a72c) Importer(815301076,1909f56bfc062723c751e8b465ee728b)  -> (artifact id: '00b1d1876a2399517e249ef7b7851661') in 0.016738 seconds 
========================================================================
Received Import Request.
  Time since last request: 0.024417 seconds.
  path: Assets/Particules/PyroParticles/Prefab/Audio/FireLoop3.ogg
  artifactKey: Guid(dd4cb05799dab124e9b5105f893be5d5) Importer(815301076,1909f56bfc062723c751e8b465ee728b)
Start importing Assets/Particules/PyroParticles/Prefab/Audio/FireLoop3.ogg using Guid(dd4cb05799dab124e9b5105f893be5d5) Importer(815301076,1909f56bfc062723c751e8b465ee728b)  -> (artifact id: '0828ad4392ee8ba1ce7cd8c6934b679b') in 0.027085 seconds 
========================================================================
Received Import Request.
  Time since last request: 0.000341 seconds.
  path: Assets/Particules/PyroParticles/Prefab/Audio/FireShoot1.ogg
  artifactKey: Guid(da5aeec65dfce4d449024607b399a5ec) Importer(815301076,1909f56bfc062723c751e8b465ee728b)
Start importing Assets/Particules/PyroParticles/Prefab/Audio/FireShoot1.ogg using Guid(da5aeec65dfce4d449024607b399a5ec) Importer(815301076,1909f56bfc062723c751e8b465ee728b)  -> (artifact id: '4e842de4ac77284615c4513e23c5ecd1') in 0.006287 seconds 
========================================================================
Received Import Request.
  Time since last request: 0.359207 seconds.
  path: Assets/Particules/PyroParticles/Prefab/Audio/FireShoot2.ogg
  artifactKey: Guid(ca679721d8a1b6243acc9a7ce566789b) Importer(815301076,1909f56bfc062723c751e8b465ee728b)
Start importing Assets/Particules/PyroParticles/Prefab/Audio/FireShoot2.ogg using Guid(ca679721d8a1b6243acc9a7ce566789b) Importer(815301076,1909f56bfc062723c751e8b465ee728b)  -> (artifact id: 'ea7d5294ea29fb3442f4ce43df48a9a7') in 0.006665 seconds 
========================================================================
Received Import Request.
  Time since last request: 0.000336 seconds.
  path: Assets/Particules/PyroParticles/Prefab/Audio/FireShoot3.ogg
  artifactKey: Guid(04f423841d9fff345a394fdb44f4bac4) Importer(815301076,1909f56bfc062723c751e8b465ee728b)
Start importing Assets/Particules/PyroParticles/Prefab/Audio/FireShoot3.ogg using Guid(04f423841d9fff345a394fdb44f4bac4) Importer(815301076,1909f56bfc062723c751e8b465ee728b)  -> (artifact id: '1768e207588097df229512fdf491f45b') in 0.007304 seconds 
========================================================================
Received Import Request.
  Time since last request: 0.043121 seconds.
  path: Assets/Particules/PyroParticles/Prefab/Audio/FireShoot4.ogg
  artifactKey: Guid(4e44e54a7843332488751c1d44253487) Importer(815301076,1909f56bfc062723c751e8b465ee728b)
Start importing Assets/Particules/PyroParticles/Prefab/Audio/FireShoot4.ogg using Guid(4e44e54a7843332488751c1d44253487) Importer(815301076,1909f56bfc062723c751e8b465ee728b)  -> (artifact id: '70f81200e660a9da0f8c646563fd6005') in 0.017920 seconds 
========================================================================
Received Import Request.
  Time since last request: 0.000349 seconds.
  path: Assets/Particules/PyroParticles/Prefab/Audio/FireShoot7.ogg
  artifactKey: Guid(074ccb664b11e1341a5ac9b972ea3ab8) Importer(815301076,1909f56bfc062723c751e8b465ee728b)
Start importing Assets/Particules/PyroParticles/Prefab/Audio/FireShoot7.ogg using Guid(074ccb664b11e1341a5ac9b972ea3ab8) Importer(815301076,1909f56bfc062723c751e8b465ee728b)  -> (artifact id: '096d85e4beb2c7d99d9e9958b225d95e') in 0.019502 seconds 
========================================================================
Received Import Request.
  Time since last request: 0.000313 seconds.
  path: Assets/Particules/PyroParticles/Prefab/Audio/FireShoot8.ogg
  artifactKey: Guid(9e8ce623bafed8e43bedc188b3fc046f) Importer(815301076,1909f56bfc062723c751e8b465ee728b)
Start importing Assets/Particules/PyroParticles/Prefab/Audio/FireShoot8.ogg using Guid(9e8ce623bafed8e43bedc188b3fc046f) Importer(815301076,1909f56bfc062723c751e8b465ee728b)  -> (artifact id: 'dae0ccc84eddc39981913222479b78ea') in 0.011359 seconds 
========================================================================
Received Import Request.
  Time since last request: 0.000355 seconds.
  path: Assets/Particules/PyroParticles/Prefab/Audio/FireShoot6.ogg
  artifactKey: Guid(a2cb9f8f4930f7e48b48bf85834f464c) Importer(815301076,1909f56bfc062723c751e8b465ee728b)
Start importing Assets/Particules/PyroParticles/Prefab/Audio/FireShoot6.ogg using Guid(a2cb9f8f4930f7e48b48bf85834f464c) Importer(815301076,1909f56bfc062723c751e8b465ee728b)  -> (artifact id: 'e3d5fd4c1c47d6ba201f0582edf45f2a') in 0.011571 seconds 
========================================================================
Received Import Request.
  Time since last request: 0.000383 seconds.
  path: Assets/Particules/PyroParticles/Prefab/Audio/LargeFire1.ogg
  artifactKey: Guid(b421470cd558efa48b54c60debd59321) Importer(815301076,1909f56bfc062723c751e8b465ee728b)
Start importing Assets/Particules/PyroParticles/Prefab/Audio/LargeFire1.ogg using Guid(b421470cd558efa48b54c60debd59321) Importer(815301076,1909f56bfc062723c751e8b465ee728b)  -> (artifact id: '059890f57a2357df80bd5de538c2afb0') in 0.019292 seconds 
========================================================================
Received Import Request.
  Time since last request: 0.000323 seconds.
  path: Assets/Particules/PyroParticles/Prefab/Audio/FireShoot5.ogg
  artifactKey: Guid(0b02c09b276fdeb40a0378331b9baef5) Importer(815301076,1909f56bfc062723c751e8b465ee728b)
Start importing Assets/Particules/PyroParticles/Prefab/Audio/FireShoot5.ogg using Guid(0b02c09b276fdeb40a0378331b9baef5) Importer(815301076,1909f56bfc062723c751e8b465ee728b)  -> (artifact id: 'c3030145022f2b0db75aa3a418f81257') in 0.007497 seconds 
========================================================================
Received Import Request.
  Time since last request: 0.133104 seconds.
  path: Assets/Particules/PyroParticles/Prefab/Audio/LargeFire2.ogg
  artifactKey: Guid(7143268172057c144bb596799d50ab38) Importer(815301076,1909f56bfc062723c751e8b465ee728b)
Start importing Assets/Particules/PyroParticles/Prefab/Audio/LargeFire2.ogg using Guid(7143268172057c144bb596799d50ab38) Importer(815301076,1909f56bfc062723c751e8b465ee728b)  -> (artifact id: 'caffe2301b201f7fb45bfbca889f11d2') in 0.023964 seconds 
========================================================================
Received Import Request.
  Time since last request: 79.711626 seconds.
  path: Packages/com.unity.inputsystem/InputSystem/Plugins/PlayerInput/DefaultInputActions.inputactions
  artifactKey: Guid(ca9f5fa95ffab41fb9a615ab714db018) Importer(815301076,1909f56bfc062723c751e8b465ee728b)
Start importing Packages/com.unity.inputsystem/InputSystem/Plugins/PlayerInput/DefaultInputActions.inputactions using Guid(ca9f5fa95ffab41fb9a615ab714db018) Importer(815301076,1909f56bfc062723c751e8b465ee728b)  -> (artifact id: '5b742d7a7409a256411927f359f59bbb') in 0.006848 seconds 
========================================================================
Received Import Request.
  Time since last request: 147.498186 seconds.
  path: Assets/Prefabs/Main Camera.prefab
  artifactKey: Guid(4d8ff8f817a933f44ab247b168c69369) Importer(815301076,1909f56bfc062723c751e8b465ee728b)
Start importing Assets/Prefabs/Main Camera.prefab using Guid(4d8ff8f817a933f44ab247b168c69369) Importer(815301076,1909f56bfc062723c751e8b465ee728b)  -> (artifact id: '233600c16fc8e2be0ddc8ce656f9a04e') in 0.011818 seconds 
========================================================================
Received Import Request.
  Time since last request: 113.578363 seconds.
  path: Assets/Prefabs/PlayerFollowCamera.prefab
  artifactKey: Guid(93a90212ab3c8024d9c142c7ce53a87b) Importer(815301076,1909f56bfc062723c751e8b465ee728b)
Start importing Assets/Prefabs/PlayerFollowCamera.prefab using Guid(93a90212ab3c8024d9c142c7ce53a87b) Importer(815301076,1909f56bfc062723c751e8b465ee728b)  -> (artifact id: '49fef49cbb98a530fc5b097afda3c822') in 0.007482 seconds 
========================================================================
Received Prepare
Registering precompiled user dll's ...
Registered in 0.006936 seconds.
Begin MonoManager ReloadAssembly
Native extension for WindowsStandalone target not found
Refreshing native plugins compatible for Editor in 83.28 ms, found 2 plugins.
Preloading 0 native plugins for Editor in 0.00 ms.
Mono: successfully reloaded assembly
- Completed reload, in  2.128 seconds
Domain Reload Profiling:
	ReloadAssembly (2128ms)
		BeginReloadAssembly (983ms)
			ExecutionOrderSort (0ms)
			DisableScriptedObjects (13ms)
			BackupInstance (0ms)
			ReleaseScriptingObjects (0ms)
			CreateAndSetChildDomain (548ms)
		EndReloadAssembly (1072ms)
			LoadAssemblies (223ms)
			RebuildTransferFunctionScriptingTraits (0ms)
			SetupTypeCache (367ms)
			ReleaseScriptCaches (1ms)
			RebuildScriptCaches (45ms)
			SetupLoadedEditorAssemblies (411ms)
				LogAssemblyErrors (0ms)
				InitializePlatformSupportModulesInManaged (4ms)
				SetLoadedEditorAssemblies (0ms)
				RefreshPlugins (83ms)
				BeforeProcessingInitializeOnLoad (53ms)
				ProcessInitializeOnLoadAttributes (254ms)
				ProcessInitializeOnLoadMethodAttributes (14ms)
				AfterProcessingInitializeOnLoad (3ms)
				EditorAssembliesLoaded (0ms)
			ExecutionOrderSort2 (0ms)
			AwakeInstancesAfterBackupRestoration (2ms)
Platform modules already initialized, skipping
Shader 'Universal Render Pipeline/Nature/SpeedTree7': dependency 'BillboardShader' shader 'Universal Render Pipeline/Nature/SpeedTree7 Billboard' not found
Shader 'Universal Render Pipeline/Baked Lit': fallback shader 'Universal Render Pipeline/Unlit' not found
Shader 'Universal Render Pipeline/Simple Lit': fallback shader 'Hidden/Universal Render Pipeline/FallbackError' not found
Shader 'Universal Render Pipeline/Terrain/Lit': fallback shader 'Hidden/Universal Render Pipeline/FallbackError' not found
Shader 'Universal Render Pipeline/Terrain/Lit': dependency 'AddPassShader' shader 'Hidden/Universal Render Pipeline/Terrain/Lit (Add Pass)' not found
Shader 'Universal Render Pipeline/Terrain/Lit': dependency 'BaseMapShader' shader 'Hidden/Universal Render Pipeline/Terrain/Lit (Base Pass)' not found
Shader 'Universal Render Pipeline/Terrain/Lit': dependency 'BaseMapGenShader' shader 'Hidden/Universal Render Pipeline/Terrain/Lit (Basemap Gen)' not found
Shader 'Hidden/Universal Render Pipeline/Terrain/Lit (Base Pass)': fallback shader 'Hidden/Universal Render Pipeline/FallbackError' not found
Shader 'Hidden/Universal Render Pipeline/Terrain/Lit (Add Pass)': fallback shader 'Hidden/Universal Render Pipeline/FallbackError' not found
Shader 'Custom/AdditiveTintable': fallback shader 'Particles/Additive (Soft)' not found
Refreshing native plugins compatible for Editor in 0.94 ms, found 2 plugins.
Preloading 0 native plugins for Editor in 0.00 ms.
Unloading 3395 Unused Serialized files (Serialized files now loaded: 0)
System memory in use before: 177.0 MB.
System memory in use after: 172.8 MB.

Unloading 71 unused Assets to reduce memory usage. Loaded Objects now: 3878.
Total: 5.900400 ms (FindLiveObjects: 0.262400 ms CreateObjectMapping: 0.207600 ms MarkObjects: 3.324500 ms  DeleteObjects: 2.104800 ms)

AssetImportParameters requested are different than current active one (requested -> active):
  custom:framework-win-MediaFoundation: 216162199b28c13a410421893ffa2e32 -> 
  custom:video-decoder-ogg-theora: a1e56fd34408186e4bbccfd4996cb3dc -> 
  custom:container-muxer-webm: aa71ff27fc2769a1b78a27578f13a17b -> 
  custom:container-demuxer-webm: 4f35f7cbe854078d1ac9338744f61a02 -> 
  custom:container-demuxer-ogg: 62fdf1f143b41e24485cea50d1cbac27 -> 
  custom:video-encoder-webm-vp8: eb34c28f22e8b96e1ab97ce403110664 -> 
  custom:video-codec-MediaFoundation-h265: 746d11721c4dcdbdad8f713fa42b33f4 -> 
  custom:video-decoder-webm-vp8: 9c59270c3fd7afecdb556c50c9e8de78 -> 
  custom:audio-decoder-ogg-vorbis: bf7c407c2cedff20999df2af8eb42d56 -> 
  custom:audio-encoder-webm-vorbis: bf7c407c2cedff20999df2af8eb42d56 -> 
========================================================================
Received Prepare
Registering precompiled user dll's ...
Registered in 0.004200 seconds.
Begin MonoManager ReloadAssembly
Native extension for WindowsStandalone target not found
Refreshing native plugins compatible for Editor in 0.72 ms, found 2 plugins.
Preloading 0 native plugins for Editor in 0.00 ms.
Mono: successfully reloaded assembly
- Completed reload, in  1.098 seconds
Domain Reload Profiling:
	ReloadAssembly (1098ms)
		BeginReloadAssembly (139ms)
			ExecutionOrderSort (0ms)
			DisableScriptedObjects (4ms)
			BackupInstance (0ms)
			ReleaseScriptingObjects (0ms)
			CreateAndSetChildDomain (38ms)
		EndReloadAssembly (904ms)
			LoadAssemblies (132ms)
			RebuildTransferFunctionScriptingTraits (0ms)
			SetupTypeCache (313ms)
			ReleaseScriptCaches (1ms)
			RebuildScriptCaches (46ms)
			SetupLoadedEditorAssemblies (358ms)
				LogAssemblyErrors (0ms)
				InitializePlatformSupportModulesInManaged (3ms)
				SetLoadedEditorAssemblies (1ms)
				RefreshPlugins (1ms)
				BeforeProcessingInitializeOnLoad (65ms)
				ProcessInitializeOnLoadAttributes (272ms)
				ProcessInitializeOnLoadMethodAttributes (14ms)
				AfterProcessingInitializeOnLoad (3ms)
				EditorAssembliesLoaded (0ms)
			ExecutionOrderSort2 (0ms)
			AwakeInstancesAfterBackupRestoration (2ms)
Platform modules already initialized, skipping
Shader 'Custom/AdditiveTintable': fallback shader 'Particles/Additive (Soft)' not found
Refreshing native plugins compatible for Editor in 0.72 ms, found 2 plugins.
Preloading 0 native plugins for Editor in 0.00 ms.
Unloading 3395 Unused Serialized files (Serialized files now loaded: 0)
System memory in use before: 177.3 MB.
System memory in use after: 173.0 MB.

Unloading 70 unused Assets to reduce memory usage. Loaded Objects now: 3881.
Total: 5.603200 ms (FindLiveObjects: 0.247500 ms CreateObjectMapping: 0.147800 ms MarkObjects: 3.182700 ms  DeleteObjects: 2.024200 ms)

AssetImportParameters requested are different than current active one (requested -> active):
  custom:framework-win-MediaFoundation: 216162199b28c13a410421893ffa2e32 -> 
  custom:video-decoder-ogg-theora: a1e56fd34408186e4bbccfd4996cb3dc -> 
  custom:container-muxer-webm: aa71ff27fc2769a1b78a27578f13a17b -> 
  custom:container-demuxer-webm: 4f35f7cbe854078d1ac9338744f61a02 -> 
  custom:container-demuxer-ogg: 62fdf1f143b41e24485cea50d1cbac27 -> 
  custom:video-encoder-webm-vp8: eb34c28f22e8b96e1ab97ce403110664 -> 
  custom:video-codec-MediaFoundation-h265: 746d11721c4dcdbdad8f713fa42b33f4 -> 
  custom:video-decoder-webm-vp8: 9c59270c3fd7afecdb556c50c9e8de78 -> 
  custom:audio-decoder-ogg-vorbis: bf7c407c2cedff20999df2af8eb42d56 -> 
  custom:audio-encoder-webm-vorbis: bf7c407c2cedff20999df2af8eb42d56 -> 
========================================================================
Received Prepare
Registering precompiled user dll's ...
Registered in 0.004576 seconds.
Begin MonoManager ReloadAssembly
Native extension for WindowsStandalone target not found
Refreshing native plugins compatible for Editor in 0.73 ms, found 2 plugins.
Preloading 0 native plugins for Editor in 0.00 ms.
Mono: successfully reloaded assembly
- Completed reload, in  1.065 seconds
Domain Reload Profiling:
	ReloadAssembly (1065ms)
		BeginReloadAssembly (136ms)
			ExecutionOrderSort (0ms)
			DisableScriptedObjects (4ms)
			BackupInstance (0ms)
			ReleaseScriptingObjects (0ms)
			CreateAndSetChildDomain (34ms)
		EndReloadAssembly (873ms)
			LoadAssemblies (132ms)
			RebuildTransferFunctionScriptingTraits (0ms)
			SetupTypeCache (312ms)
			ReleaseScriptCaches (1ms)
			RebuildScriptCaches (48ms)
			SetupLoadedEditorAssemblies (327ms)
				LogAssemblyErrors (0ms)
				InitializePlatformSupportModulesInManaged (3ms)
				SetLoadedEditorAssemblies (0ms)
				RefreshPlugins (1ms)
				BeforeProcessingInitializeOnLoad (63ms)
				ProcessInitializeOnLoadAttributes (245ms)
				ProcessInitializeOnLoadMethodAttributes (12ms)
				AfterProcessingInitializeOnLoad (3ms)
				EditorAssembliesLoaded (0ms)
			ExecutionOrderSort2 (0ms)
			AwakeInstancesAfterBackupRestoration (2ms)
Platform modules already initialized, skipping
Shader 'Custom/AdditiveTintable': fallback shader 'Particles/Additive (Soft)' not found
Refreshing native plugins compatible for Editor in 0.92 ms, found 2 plugins.
Preloading 0 native plugins for Editor in 0.00 ms.
Unloading 3395 Unused Serialized files (Serialized files now loaded: 0)
System memory in use before: 177.3 MB.
System memory in use after: 173.1 MB.

Unloading 70 unused Assets to reduce memory usage. Loaded Objects now: 3884.
Total: 6.783000 ms (FindLiveObjects: 0.249800 ms CreateObjectMapping: 0.144200 ms MarkObjects: 3.308500 ms  DeleteObjects: 3.079400 ms)

AssetImportParameters requested are different than current active one (requested -> active):
  custom:framework-win-MediaFoundation: 216162199b28c13a410421893ffa2e32 -> 
  custom:video-decoder-ogg-theora: a1e56fd34408186e4bbccfd4996cb3dc -> 
  custom:container-muxer-webm: aa71ff27fc2769a1b78a27578f13a17b -> 
  custom:container-demuxer-webm: 4f35f7cbe854078d1ac9338744f61a02 -> 
  custom:container-demuxer-ogg: 62fdf1f143b41e24485cea50d1cbac27 -> 
  custom:video-encoder-webm-vp8: eb34c28f22e8b96e1ab97ce403110664 -> 
  custom:video-codec-MediaFoundation-h265: 746d11721c4dcdbdad8f713fa42b33f4 -> 
  custom:video-decoder-webm-vp8: 9c59270c3fd7afecdb556c50c9e8de78 -> 
  custom:audio-decoder-ogg-vorbis: bf7c407c2cedff20999df2af8eb42d56 -> 
  custom:audio-encoder-webm-vorbis: bf7c407c2cedff20999df2af8eb42d56 -> 
========================================================================
Received Import Request.
  Time since last request: 701.286820 seconds.
  path: Assets/Characters/Animations/Firefigther Animations
  artifactKey: Guid(35ff3641a08019a46ab8192a913100c0) Importer(815301076,1909f56bfc062723c751e8b465ee728b)
Start importing Assets/Characters/Animations/Firefigther Animations using Guid(35ff3641a08019a46ab8192a913100c0) Importer(815301076,1909f56bfc062723c751e8b465ee728b)  -> (artifact id: '543b5a56ccda6878037e2e606646a3dc') in 0.007733 seconds 
========================================================================
Received Import Request.
  Time since last request: 1.943892 seconds.
  path: Assets/Characters/Animations/Firefigther Animations/FirefigtherAnimationController.controller
  artifactKey: Guid(2b9e521ad0052db4b8cf68087b4accd5) Importer(815301076,1909f56bfc062723c751e8b465ee728b)
Start importing Assets/Characters/Animations/Firefigther Animations/FirefigtherAnimationController.controller using Guid(2b9e521ad0052db4b8cf68087b4accd5) Importer(815301076,1909f56bfc062723c751e8b465ee728b)  -> (artifact id: 'd26a5ea3288173a9dc52f82b646469b5') in 0.021505 seconds 
========================================================================
Received Prepare
Registering precompiled user dll's ...
Registered in 0.004002 seconds.
Begin MonoManager ReloadAssembly
Native extension for WindowsStandalone target not found
Refreshing native plugins compatible for Editor in 0.73 ms, found 2 plugins.
Preloading 0 native plugins for Editor in 0.00 ms.
Mono: successfully reloaded assembly
- Completed reload, in  1.051 seconds
Domain Reload Profiling:
	ReloadAssembly (1052ms)
		BeginReloadAssembly (134ms)
			ExecutionOrderSort (0ms)
			DisableScriptedObjects (4ms)
			BackupInstance (0ms)
			ReleaseScriptingObjects (0ms)
			CreateAndSetChildDomain (34ms)
		EndReloadAssembly (863ms)
			LoadAssemblies (129ms)
			RebuildTransferFunctionScriptingTraits (0ms)
			SetupTypeCache (302ms)
			ReleaseScriptCaches (1ms)
			RebuildScriptCaches (45ms)
			SetupLoadedEditorAssemblies (330ms)
				LogAssemblyErrors (0ms)
				InitializePlatformSupportModulesInManaged (3ms)
				SetLoadedEditorAssemblies (0ms)
				RefreshPlugins (1ms)
				BeforeProcessingInitializeOnLoad (64ms)
				ProcessInitializeOnLoadAttributes (247ms)
				ProcessInitializeOnLoadMethodAttributes (12ms)
				AfterProcessingInitializeOnLoad (2ms)
				EditorAssembliesLoaded (0ms)
			ExecutionOrderSort2 (0ms)
			AwakeInstancesAfterBackupRestoration (2ms)
Platform modules already initialized, skipping
Shader 'Custom/AdditiveTintable': fallback shader 'Particles/Additive (Soft)' not found
Refreshing native plugins compatible for Editor in 0.71 ms, found 2 plugins.
Preloading 0 native plugins for Editor in 0.00 ms.
Unloading 3395 Unused Serialized files (Serialized files now loaded: 0)
System memory in use before: 177.3 MB.
System memory in use after: 173.1 MB.

Unloading 70 unused Assets to reduce memory usage. Loaded Objects now: 3887.
Total: 5.456500 ms (FindLiveObjects: 0.258300 ms CreateObjectMapping: 0.122400 ms MarkObjects: 3.031100 ms  DeleteObjects: 2.043800 ms)

AssetImportParameters requested are different than current active one (requested -> active):
  custom:framework-win-MediaFoundation: 216162199b28c13a410421893ffa2e32 -> 
  custom:video-decoder-ogg-theora: a1e56fd34408186e4bbccfd4996cb3dc -> 
  custom:container-muxer-webm: aa71ff27fc2769a1b78a27578f13a17b -> 
  custom:container-demuxer-webm: 4f35f7cbe854078d1ac9338744f61a02 -> 
  custom:container-demuxer-ogg: 62fdf1f143b41e24485cea50d1cbac27 -> 
  custom:video-encoder-webm-vp8: eb34c28f22e8b96e1ab97ce403110664 -> 
  custom:video-codec-MediaFoundation-h265: 746d11721c4dcdbdad8f713fa42b33f4 -> 
  custom:video-decoder-webm-vp8: 9c59270c3fd7afecdb556c50c9e8de78 -> 
  custom:audio-decoder-ogg-vorbis: bf7c407c2cedff20999df2af8eb42d56 -> 
  custom:audio-encoder-webm-vorbis: bf7c407c2cedff20999df2af8eb42d56 -> 
========================================================================
Received Prepare
Registering precompiled user dll's ...
Registered in 0.004140 seconds.
Begin MonoManager ReloadAssembly
Native extension for WindowsStandalone target not found
Refreshing native plugins compatible for Editor in 0.71 ms, found 2 plugins.
Preloading 0 native plugins for Editor in 0.00 ms.
Mono: successfully reloaded assembly
- Completed reload, in  1.106 seconds
Domain Reload Profiling:
	ReloadAssembly (1107ms)
		BeginReloadAssembly (135ms)
			ExecutionOrderSort (0ms)
			DisableScriptedObjects (5ms)
			BackupInstance (0ms)
			ReleaseScriptingObjects (0ms)
			CreateAndSetChildDomain (33ms)
		EndReloadAssembly (920ms)
			LoadAssemblies (138ms)
			RebuildTransferFunctionScriptingTraits (0ms)
			SetupTypeCache (324ms)
			ReleaseScriptCaches (1ms)
			RebuildScriptCaches (47ms)
			SetupLoadedEditorAssemblies (344ms)
				LogAssemblyErrors (0ms)
				InitializePlatformSupportModulesInManaged (4ms)
				SetLoadedEditorAssemblies (1ms)
				RefreshPlugins (1ms)
				BeforeProcessingInitializeOnLoad (65ms)
				ProcessInitializeOnLoadAttributes (258ms)
				ProcessInitializeOnLoadMethodAttributes (13ms)
				AfterProcessingInitializeOnLoad (3ms)
				EditorAssembliesLoaded (0ms)
			ExecutionOrderSort2 (0ms)
			AwakeInstancesAfterBackupRestoration (2ms)
Platform modules already initialized, skipping
Shader 'Custom/AdditiveTintable': fallback shader 'Particles/Additive (Soft)' not found
Refreshing native plugins compatible for Editor in 0.72 ms, found 2 plugins.
Preloading 0 native plugins for Editor in 0.00 ms.
Unloading 3395 Unused Serialized files (Serialized files now loaded: 0)
System memory in use before: 177.4 MB.
System memory in use after: 173.1 MB.

Unloading 70 unused Assets to reduce memory usage. Loaded Objects now: 3890.
Total: 5.458400 ms (FindLiveObjects: 0.244700 ms CreateObjectMapping: 0.130500 ms MarkObjects: 3.022100 ms  DeleteObjects: 2.060100 ms)

AssetImportParameters requested are different than current active one (requested -> active):
  custom:framework-win-MediaFoundation: 216162199b28c13a410421893ffa2e32 -> 
  custom:video-decoder-ogg-theora: a1e56fd34408186e4bbccfd4996cb3dc -> 
  custom:container-muxer-webm: aa71ff27fc2769a1b78a27578f13a17b -> 
  custom:container-demuxer-webm: 4f35f7cbe854078d1ac9338744f61a02 -> 
  custom:container-demuxer-ogg: 62fdf1f143b41e24485cea50d1cbac27 -> 
  custom:video-encoder-webm-vp8: eb34c28f22e8b96e1ab97ce403110664 -> 
  custom:video-codec-MediaFoundation-h265: 746d11721c4dcdbdad8f713fa42b33f4 -> 
  custom:video-decoder-webm-vp8: 9c59270c3fd7afecdb556c50c9e8de78 -> 
  custom:audio-decoder-ogg-vorbis: bf7c407c2cedff20999df2af8eb42d56 -> 
  custom:audio-encoder-webm-vorbis: bf7c407c2cedff20999df2af8eb42d56 -> 
========================================================================
Received Prepare
Registering precompiled user dll's ...
Registered in 0.003956 seconds.
Begin MonoManager ReloadAssembly
Native extension for WindowsStandalone target not found
Refreshing native plugins compatible for Editor in 0.70 ms, found 2 plugins.
Preloading 0 native plugins for Editor in 0.00 ms.
Mono: successfully reloaded assembly
- Completed reload, in  1.076 seconds
Domain Reload Profiling:
	ReloadAssembly (1077ms)
		BeginReloadAssembly (140ms)
			ExecutionOrderSort (0ms)
			DisableScriptedObjects (4ms)
			BackupInstance (0ms)
			ReleaseScriptingObjects (0ms)
			CreateAndSetChildDomain (34ms)
		EndReloadAssembly (884ms)
			LoadAssemblies (134ms)
			RebuildTransferFunctionScriptingTraits (0ms)
			SetupTypeCache (318ms)
			ReleaseScriptCaches (1ms)
			RebuildScriptCaches (45ms)
			SetupLoadedEditorAssemblies (334ms)
				LogAssemblyErrors (0ms)
				InitializePlatformSupportModulesInManaged (3ms)
				SetLoadedEditorAssemblies (0ms)
				RefreshPlugins (1ms)
				BeforeProcessingInitializeOnLoad (64ms)
				ProcessInitializeOnLoadAttributes (250ms)
				ProcessInitializeOnLoadMethodAttributes (13ms)
				AfterProcessingInitializeOnLoad (3ms)
				EditorAssembliesLoaded (0ms)
			ExecutionOrderSort2 (0ms)
			AwakeInstancesAfterBackupRestoration (2ms)
Platform modules already initialized, skipping
Shader 'Custom/AdditiveTintable': fallback shader 'Particles/Additive (Soft)' not found
Refreshing native plugins compatible for Editor in 0.83 ms, found 2 plugins.
Preloading 0 native plugins for Editor in 0.00 ms.
Unloading 3395 Unused Serialized files (Serialized files now loaded: 0)
System memory in use before: 177.4 MB.
System memory in use after: 173.1 MB.

Unloading 70 unused Assets to reduce memory usage. Loaded Objects now: 3893.
Total: 6.598500 ms (FindLiveObjects: 0.261600 ms CreateObjectMapping: 0.184500 ms MarkObjects: 3.506300 ms  DeleteObjects: 2.645200 ms)

AssetImportParameters requested are different than current active one (requested -> active):
  custom:framework-win-MediaFoundation: 216162199b28c13a410421893ffa2e32 -> 
  custom:video-decoder-ogg-theora: a1e56fd34408186e4bbccfd4996cb3dc -> 
  custom:container-muxer-webm: aa71ff27fc2769a1b78a27578f13a17b -> 
  custom:container-demuxer-webm: 4f35f7cbe854078d1ac9338744f61a02 -> 
  custom:container-demuxer-ogg: 62fdf1f143b41e24485cea50d1cbac27 -> 
  custom:video-encoder-webm-vp8: eb34c28f22e8b96e1ab97ce403110664 -> 
  custom:video-codec-MediaFoundation-h265: 746d11721c4dcdbdad8f713fa42b33f4 -> 
  custom:video-decoder-webm-vp8: 9c59270c3fd7afecdb556c50c9e8de78 -> 
  custom:audio-decoder-ogg-vorbis: bf7c407c2cedff20999df2af8eb42d56 -> 
  custom:audio-encoder-webm-vorbis: bf7c407c2cedff20999df2af8eb42d56 -> 
========================================================================
Received Import Request.
  Time since last request: 485.334517 seconds.
  path: Assets/Characters/Models/X Bot.fbx
  artifactKey: Guid(ce488d619e4a73d40bb3b5f5bb8d9056) Importer(815301076,1909f56bfc062723c751e8b465ee728b)
Start importing Assets/Characters/Models/X Bot.fbx using Guid(ce488d619e4a73d40bb3b5f5bb8d9056) Importer(815301076,1909f56bfc062723c751e8b465ee728b)  -> (artifact id: 'd8ba6e23d39d0e8822795900a0222fef') in 0.111217 seconds 
========================================================================
Received Import Request.
  Time since last request: 0.858585 seconds.
  path: Assets/Characters/Models/Futuristic_soldier
  artifactKey: Guid(09abbe362eeeedd4691dc5319c5b765a) Importer(815301076,1909f56bfc062723c751e8b465ee728b)
Start importing Assets/Characters/Models/Futuristic_soldier using Guid(09abbe362eeeedd4691dc5319c5b765a) Importer(815301076,1909f56bfc062723c751e8b465ee728b)  -> (artifact id: 'fb225efe25ad05baca6075a336ffee5d') in 0.002167 seconds 
========================================================================
Received Import Request.
  Time since last request: 193.602425 seconds.
  path: Assets/Prefabs/PlayerFollowCamera.prefab
  artifactKey: Guid(93a90212ab3c8024d9c142c7ce53a87b) Importer(815301076,1909f56bfc062723c751e8b465ee728b)
Start importing Assets/Prefabs/PlayerFollowCamera.prefab using Guid(93a90212ab3c8024d9c142c7ce53a87b) Importer(815301076,1909f56bfc062723c751e8b465ee728b)  -> (artifact id: 'f27cbe15e474f9c580e2c0120091bf64') in 0.009997 seconds 
========================================================================
Received Import Request.
  Time since last request: 10.798907 seconds.
  path: Assets/Scenes/CharacterPicker.unity
  artifactKey: Guid(eb059650066c68244ad912e91c9625a3) Importer(815301076,1909f56bfc062723c751e8b465ee728b)
Start importing Assets/Scenes/CharacterPicker.unity using Guid(eb059650066c68244ad912e91c9625a3) Importer(815301076,1909f56bfc062723c751e8b465ee728b)  -> (artifact id: '9ca2650e132600fd87fbf71e84333cd5') in 0.002022 seconds 
========================================================================
Received Import Request.
  Time since last request: 26.166128 seconds.
  path: Assets/Scripts/Buttons
  artifactKey: Guid(94f13662dcfb3084fb185d8a136e0818) Importer(815301076,1909f56bfc062723c751e8b465ee728b)
Start importing Assets/Scripts/Buttons using Guid(94f13662dcfb3084fb185d8a136e0818) Importer(815301076,1909f56bfc062723c751e8b465ee728b)  -> (artifact id: 'ecdafb82d5995367c60b563fb53d253c') in 0.002019 seconds 
========================================================================
Received Import Request.
  Time since last request: 103.090971 seconds.
  path: Packages/com.unity.postprocessing/package.json
  artifactKey: Guid(2705889b3a9580a47b334f039bfdcb00) Importer(815301076,1909f56bfc062723c751e8b465ee728b)
Start importing Packages/com.unity.postprocessing/package.json using Guid(2705889b3a9580a47b334f039bfdcb00) Importer(815301076,1909f56bfc062723c751e8b465ee728b)  -> (artifact id: 'bcb9f972ebd0e300473245f1c7c3e501') in 0.099288 seconds 
========================================================================
Received Import Request.
  Time since last request: 727.849078 seconds.
  path: Assets/Characters/Animations/Hellbringer Animations
  artifactKey: Guid(b433bf4727f2b7e42921eafd2be7278d) Importer(815301076,1909f56bfc062723c751e8b465ee728b)
Start importing Assets/Characters/Animations/Hellbringer Animations using Guid(b433bf4727f2b7e42921eafd2be7278d) Importer(815301076,1909f56bfc062723c751e8b465ee728b)  -> (artifact id: '26423e45a8f41f9451fa3133c16b6460') in 0.002400 seconds 
========================================================================
Received Import Request.
  Time since last request: 217.462962 seconds.
  path: Assets/Prefabs/Characters/X Bot.prefab
  artifactKey: Guid(ff7aa066c7de303469c4208fa45f7db8) Importer(815301076,1909f56bfc062723c751e8b465ee728b)
Start importing Assets/Prefabs/Characters/X Bot.prefab using Guid(ff7aa066c7de303469c4208fa45f7db8) Importer(815301076,1909f56bfc062723c751e8b465ee728b)  -> (artifact id: '7e416117fc3ff5c81658df5b9c8c5fea') in 0.027026 seconds 
========================================================================
Received Import Request.
  Time since last request: 50.352263 seconds.
  path: Assets/Scripts/Player/AlternateMovementScript.cs
  artifactKey: Guid(78d45881ef54d4f4084fc459cdf35a51) Importer(815301076,1909f56bfc062723c751e8b465ee728b)
Start importing Assets/Scripts/Player/AlternateMovementScript.cs using Guid(78d45881ef54d4f4084fc459cdf35a51) Importer(815301076,1909f56bfc062723c751e8b465ee728b)  -> (artifact id: '8812585970d1973354660ad26d7c51a9') in 0.004887 seconds 
========================================================================
Received Import Request.
  Time since last request: 17.195140 seconds.
  path: Assets/Scripts/Player/BasicRigidBodyPush.cs
  artifactKey: Guid(fabf2fffea62a734daaad6c24327ae0f) Importer(815301076,1909f56bfc062723c751e8b465ee728b)
Start importing Assets/Scripts/Player/BasicRigidBodyPush.cs using Guid(fabf2fffea62a734daaad6c24327ae0f) Importer(815301076,1909f56bfc062723c751e8b465ee728b)  -> (artifact id: 'bf593117de11a7a28451bcd83d7a06ad') in 0.001989 seconds 
========================================================================
Received Import Request.
  Time since last request: 1.552093 seconds.
  path: Assets/Scripts/Player/CameraMovement.cs
  artifactKey: Guid(7beb1ea98b62418439fe5f72445df7e2) Importer(815301076,1909f56bfc062723c751e8b465ee728b)
Start importing Assets/Scripts/Player/CameraMovement.cs using Guid(7beb1ea98b62418439fe5f72445df7e2) Importer(815301076,1909f56bfc062723c751e8b465ee728b)  -> (artifact id: 'e0423d31f8102fdc66b0236795f3df58') in 0.001961 seconds 
========================================================================
Received Import Request.
  Time since last request: 16.223526 seconds.
  path: Assets/Scripts/Player/MovementScript.cs
  artifactKey: Guid(9fbbe79a93f3b47489b9b3a033be6d8a) Importer(815301076,1909f56bfc062723c751e8b465ee728b)
Start importing Assets/Scripts/Player/MovementScript.cs using Guid(9fbbe79a93f3b47489b9b3a033be6d8a) Importer(815301076,1909f56bfc062723c751e8b465ee728b)  -> (artifact id: 'e65d004e9c2a637f1f92c34ee025df1d') in 0.002918 seconds 
========================================================================
Received Import Request.
  Time since last request: 1.088606 seconds.
  path: Assets/Scripts/Player/ShootingComponent.cs
  artifactKey: Guid(658f05c42f01fde45b588a36a58bb4f2) Importer(815301076,1909f56bfc062723c751e8b465ee728b)
Start importing Assets/Scripts/Player/ShootingComponent.cs using Guid(658f05c42f01fde45b588a36a58bb4f2) Importer(815301076,1909f56bfc062723c751e8b465ee728b)  -> (artifact id: 'ca13d09b256b1b4e1254ab5c4bfd8da7') in 0.002026 seconds 
========================================================================
Received Import Request.
  Time since last request: 6.115995 seconds.
  path: Assets/Scripts/Player/WaterCompnent.cs
  artifactKey: Guid(9dee5f0e05267ba45ad8fc20fa8ec308) Importer(815301076,1909f56bfc062723c751e8b465ee728b)
Start importing Assets/Scripts/Player/WaterCompnent.cs using Guid(9dee5f0e05267ba45ad8fc20fa8ec308) Importer(815301076,1909f56bfc062723c751e8b465ee728b)  -> (artifact id: 'b15c00f3dbfb08ac90c7a3c6d5acf16d') in 0.002514 seconds 
========================================================================
Received Import Request.
  Time since last request: 320.191314 seconds.
  path: Assets/Particules/LegacyParticules
  artifactKey: Guid(229a6d68d1810450e96cae9c6b6cf8f2) Importer(815301076,1909f56bfc062723c751e8b465ee728b)
Start importing Assets/Particules/LegacyParticules using Guid(229a6d68d1810450e96cae9c6b6cf8f2) Importer(815301076,1909f56bfc062723c751e8b465ee728b)  -> (artifact id: 'a1b53439db2a4108429c7042b79a57ee') in 0.002255 seconds 
========================================================================
Received Import Request.
  Time since last request: 0.591830 seconds.
  path: Assets/Particules/LegacyParticules/EffectExamples
  artifactKey: Guid(6c0b056137d972f46a0312ba21b6263f) Importer(815301076,1909f56bfc062723c751e8b465ee728b)
Start importing Assets/Particules/LegacyParticules/EffectExamples using Guid(6c0b056137d972f46a0312ba21b6263f) Importer(815301076,1909f56bfc062723c751e8b465ee728b)  -> (artifact id: 'b1c2847cd9aa13085ab0fb772b46d9e9') in 0.002213 seconds 
========================================================================
Received Import Request.
  Time since last request: 0.048211 seconds.
  path: Assets/Particules/LegacyParticules/EffectExamples/SmokeTrail.mat
  artifactKey: Guid(85320f50710fcfb4d886bc56151bea1b) Importer(815301076,1909f56bfc062723c751e8b465ee728b)
Start importing Assets/Particules/LegacyParticules/EffectExamples/SmokeTrail.mat using Guid(85320f50710fcfb4d886bc56151bea1b) Importer(815301076,1909f56bfc062723c751e8b465ee728b)  -> (artifact id: 'bd4cee2062885be6416dfd088df5e9b0') in 0.096272 seconds 
========================================================================
Received Import Request.
  Time since last request: 3.283906 seconds.
  path: Assets/Particules/PyroParticles
  artifactKey: Guid(e7cc62b401b920e45b424258b19c159c) Importer(815301076,1909f56bfc062723c751e8b465ee728b)
Start importing Assets/Particules/PyroParticles using Guid(e7cc62b401b920e45b424258b19c159c) Importer(815301076,1909f56bfc062723c751e8b465ee728b)  -> (artifact id: 'dfe71d4b58cb6ea79969b82abe694c63') in 0.002015 seconds 
========================================================================
Received Import Request.
  Time since last request: 0.674095 seconds.
  path: Assets/Particules/PyroParticles/Readme.txt
  artifactKey: Guid(19d985791f809cd4cb7d99e9e7f62f16) Importer(815301076,1909f56bfc062723c751e8b465ee728b)
Start importing Assets/Particules/PyroParticles/Readme.txt using Guid(19d985791f809cd4cb7d99e9e7f62f16) Importer(815301076,1909f56bfc062723c751e8b465ee728b)  -> (artifact id: 'ecd7ea0625f85e5751876cad1e3a93e1') in 0.005651 seconds 
========================================================================
Received Import Request.
  Time since last request: 17.688379 seconds.
  path: Assets/Particules/LegacyParticules/EffectExamples/TutorialInfo/Icons/Help_Icon.png
  artifactKey: Guid(a186f8a87ca4f4d3aa864638ad5dfb65) Importer(815301076,1909f56bfc062723c751e8b465ee728b)
Start importing Assets/Particules/LegacyParticules/EffectExamples/TutorialInfo/Icons/Help_Icon.png using Guid(a186f8a87ca4f4d3aa864638ad5dfb65) Importer(815301076,1909f56bfc062723c751e8b465ee728b)  -> (artifact id: '8209dcca187a0d687ed0fdd6b7b62382') in 0.017615 seconds 
========================================================================
Received Import Request.
  Time since last request: 0.000318 seconds.
  path: Assets/Particules/LegacyParticules/EffectExamples/TutorialInfo/Icons/ParticlePack5x_Icon.png
  artifactKey: Guid(1b854426d1f38f842a143cde84f59573) Importer(815301076,1909f56bfc062723c751e8b465ee728b)
Start importing Assets/Particules/LegacyParticules/EffectExamples/TutorialInfo/Icons/ParticlePack5x_Icon.png using Guid(1b854426d1f38f842a143cde84f59573) Importer(815301076,1909f56bfc062723c751e8b465ee728b)  -> (artifact id: 'a09682ee16dedb3f18700ac79809e9f7') in 0.022332 seconds 
========================================================================
Received Prepare
Registering precompiled user dll's ...
Registered in 0.004048 seconds.
Begin MonoManager ReloadAssembly
Native extension for WindowsStandalone target not found
Refreshing native plugins compatible for Editor in 0.75 ms, found 2 plugins.
Preloading 0 native plugins for Editor in 0.00 ms.
Mono: successfully reloaded assembly
- Completed reload, in  1.045 seconds
Domain Reload Profiling:
	ReloadAssembly (1045ms)
		BeginReloadAssembly (134ms)
			ExecutionOrderSort (0ms)
			DisableScriptedObjects (4ms)
			BackupInstance (0ms)
			ReleaseScriptingObjects (0ms)
			CreateAndSetChildDomain (34ms)
		EndReloadAssembly (859ms)
			LoadAssemblies (131ms)
			RebuildTransferFunctionScriptingTraits (0ms)
			SetupTypeCache (299ms)
			ReleaseScriptCaches (1ms)
			RebuildScriptCaches (44ms)
			SetupLoadedEditorAssemblies (329ms)
				LogAssemblyErrors (0ms)
				InitializePlatformSupportModulesInManaged (4ms)
				SetLoadedEditorAssemblies (1ms)
				RefreshPlugins (1ms)
				BeforeProcessingInitializeOnLoad (63ms)
				ProcessInitializeOnLoadAttributes (246ms)
				ProcessInitializeOnLoadMethodAttributes (13ms)
				AfterProcessingInitializeOnLoad (2ms)
				EditorAssembliesLoaded (0ms)
			ExecutionOrderSort2 (0ms)
			AwakeInstancesAfterBackupRestoration (2ms)
Platform modules already initialized, skipping
Shader 'Custom/AdditiveTintable': fallback shader 'Particles/Additive (Soft)' not found
Refreshing native plugins compatible for Editor in 0.74 ms, found 2 plugins.
Preloading 0 native plugins for Editor in 0.00 ms.
Unloading 3395 Unused Serialized files (Serialized files now loaded: 0)
System memory in use before: 177.6 MB.
System memory in use after: 173.3 MB.

Unloading 71 unused Assets to reduce memory usage. Loaded Objects now: 3902.
Total: 6.499700 ms (FindLiveObjects: 0.368100 ms CreateObjectMapping: 0.181500 ms MarkObjects: 3.516900 ms  DeleteObjects: 2.431800 ms)

AssetImportParameters requested are different than current active one (requested -> active):
  custom:framework-win-MediaFoundation: 216162199b28c13a410421893ffa2e32 -> 
  custom:video-decoder-ogg-theora: a1e56fd34408186e4bbccfd4996cb3dc -> 
  custom:container-muxer-webm: aa71ff27fc2769a1b78a27578f13a17b -> 
  custom:container-demuxer-webm: 4f35f7cbe854078d1ac9338744f61a02 -> 
  custom:container-demuxer-ogg: 62fdf1f143b41e24485cea50d1cbac27 -> 
  custom:video-encoder-webm-vp8: eb34c28f22e8b96e1ab97ce403110664 -> 
  custom:video-codec-MediaFoundation-h265: 746d11721c4dcdbdad8f713fa42b33f4 -> 
  custom:video-decoder-webm-vp8: 9c59270c3fd7afecdb556c50c9e8de78 -> 
  custom:audio-decoder-ogg-vorbis: bf7c407c2cedff20999df2af8eb42d56 -> 
  custom:audio-encoder-webm-vorbis: bf7c407c2cedff20999df2af8eb42d56 -> 
AssetImportWorkerClient::OnTransportError - code=2 error=End of file
